<?xml version="1.0" encoding="UTF-8"?>
<robot generator="Robot 6.0.2 (Python 3.10.6 on linux)" generated="20230214 11:39:14.728" rpa="false" schemaversion="3">
<suite id="s1" name="basicSearch" source="/home/marvin/Documents/Projects/Poimapper/Test automation/Robot framework/TrialProject/Tests/ebay/basicSearch.robot">
<test id="s1-t1" name="Verify basic search functionality for eBay" line="8">
<kw name="Open Browser" library="SeleniumLibrary">
<arg>https://www.ebay.com</arg>
<arg>chrome</arg>
<doc>Opens a new browser instance to the optional ``url``.</doc>
<msg timestamp="20230214 11:39:14.897" level="INFO">Opening browser 'chrome' to base url 'https://www.ebay.com'.</msg>
<status status="PASS" starttime="20230214 11:39:14.897" endtime="20230214 11:39:20.307"/>
</kw>
<kw name="Input Text" library="SeleniumLibrary">
<arg>//*[@id="gh-ac"]</arg>
<arg>mobile</arg>
<doc>Types the given ``text`` into the text field identified by ``locator``.</doc>
<msg timestamp="20230214 11:39:20.308" level="INFO">Typing text 'mobile' into text field '//*[@id="gh-ac"]'.</msg>
<status status="PASS" starttime="20230214 11:39:20.307" endtime="20230214 11:39:20.467"/>
</kw>
<kw name="Press Keys" library="SeleniumLibrary">
<arg>//*[@id="gh-btn"]</arg>
<arg>[Return]</arg>
<doc>Simulates the user pressing key(s) to an element or on the active browser.</doc>
<msg timestamp="20230214 11:39:20.468" level="INFO">Sending key(s) ('[Return]',) to //*[@id="gh-btn"] element.</msg>
<msg timestamp="20230214 11:39:25.529" level="INFO">Sending keys [Return]</msg>
<status status="PASS" starttime="20230214 11:39:20.467" endtime="20230214 11:39:25.550"/>
</kw>
<kw name="Page Should Contain" library="SeleniumLibrary">
<arg>Shop by Brand</arg>
<doc>Verifies that current page contains ``text``.</doc>
<msg timestamp="20230214 11:39:25.589" level="INFO">Current page contains text 'Shop by Brand'.</msg>
<status status="PASS" starttime="20230214 11:39:25.550" endtime="20230214 11:39:25.590"/>
</kw>
<kw name="Close Browser" library="SeleniumLibrary">
<doc>Closes the current browser.</doc>
<status status="PASS" starttime="20230214 11:39:25.590" endtime="20230214 11:39:25.668"/>
</kw>
<doc>This test case verifies the basic search</doc>
<tag>Functional</tag>
<status status="PASS" starttime="20230214 11:39:14.896" endtime="20230214 11:39:25.668"/>
</test>
<doc>Basic Search Functionality</doc>
<status status="PASS" starttime="20230214 11:39:14.729" endtime="20230214 11:39:25.670"/>
</suite>
<statistics>
<total>
<stat pass="1" fail="0" skip="0">All Tests</stat>
</total>
<tag>
<stat pass="1" fail="0" skip="0">Functional</stat>
</tag>
<suite>
<stat pass="1" fail="0" skip="0" id="s1" name="basicSearch">basicSearch</stat>
</suite>
</statistics>
<errors>
</errors>
</robot>
