<?xml version="1.0" encoding="UTF-8"?>
<robot generator="Robot 6.0.2 (Python 3.10.6 on linux)" generated="20230215 11:27:01.657" rpa="false" schemaversion="3">
<suite id="s1" name="movingKeywordsToResourceFolder" source="/home/marvin/Documents/Projects/Poimapper/Test automation/Robot framework/TrialProject/Tests/ebay/movingKeywordsToResourceFolder.robot">
<test id="s1-t1" name="Verify basic search functionality for eBay" line="9">
<kw name="Start TestCase" library="CommonFunctionality">
<kw name="Open Browser" library="SeleniumLibrary">
<arg>https://www.ebay.com</arg>
<arg>chrome</arg>
<doc>Opens a new browser instance to the optional ``url``.</doc>
<msg timestamp="20230215 11:27:01.827" level="INFO">Opening browser 'chrome' to base url 'https://www.ebay.com'.</msg>
<status status="PASS" starttime="20230215 11:27:01.826" endtime="20230215 11:27:06.531"/>
</kw>
<kw name="Maximize Browser Window" library="SeleniumLibrary">
<doc>Maximizes current browser window.</doc>
<status status="PASS" starttime="20230215 11:27:06.531" endtime="20230215 11:27:06.534"/>
</kw>
<status status="PASS" starttime="20230215 11:27:01.826" endtime="20230215 11:27:06.534"/>
</kw>
<kw name="Verify Basic Search" library="ebay-userDefinedKeywords">
<kw name="Input Text" library="SeleniumLibrary">
<arg>id:gh-ac</arg>
<arg>mobile</arg>
<doc>Types the given ``text`` into the text field identified by ``locator``.</doc>
<msg timestamp="20230215 11:27:06.536" level="INFO">Typing text 'mobile' into text field 'id:gh-ac'.</msg>
<status status="PASS" starttime="20230215 11:27:06.535" endtime="20230215 11:27:06.689"/>
</kw>
<kw name="Press Keys" library="SeleniumLibrary">
<arg>id:gh-btn</arg>
<arg>[Return]</arg>
<doc>Simulates the user pressing key(s) to an element or on the active browser.</doc>
<msg timestamp="20230215 11:27:06.690" level="INFO">Sending key(s) ('[Return]',) to id:gh-btn element.</msg>
<msg timestamp="20230215 11:27:10.175" level="INFO">Sending keys [Return]</msg>
<status status="PASS" starttime="20230215 11:27:06.689" endtime="20230215 11:27:10.360"/>
</kw>
<kw name="Page Should Contain" library="SeleniumLibrary">
<arg>Samsung</arg>
<doc>Verifies that current page contains ``text``.</doc>
<msg timestamp="20230215 11:27:10.466" level="INFO">Current page contains text 'Samsung'.</msg>
<status status="PASS" starttime="20230215 11:27:10.360" endtime="20230215 11:27:10.466"/>
</kw>
<status status="PASS" starttime="20230215 11:27:06.535" endtime="20230215 11:27:10.466"/>
</kw>
<kw name="Close TestCase" library="CommonFunctionality">
<kw name="Close Browser" library="SeleniumLibrary">
<doc>Closes the current browser.</doc>
<status status="PASS" starttime="20230215 11:27:10.467" endtime="20230215 11:27:10.540"/>
</kw>
<status status="PASS" starttime="20230215 11:27:10.466" endtime="20230215 11:27:10.541"/>
</kw>
<doc>This test case verifies the basic search</doc>
<tag>Functional</tag>
<status status="PASS" starttime="20230215 11:27:01.825" endtime="20230215 11:27:10.541"/>
</test>
<doc>Basic search and filter functionality</doc>
<status status="PASS" starttime="20230215 11:27:01.658" endtime="20230215 11:27:10.542"/>
</suite>
<statistics>
<total>
<stat pass="1" fail="0" skip="0">All Tests</stat>
</total>
<tag>
<stat pass="1" fail="0" skip="0">Functional</stat>
</tag>
<suite>
<stat pass="1" fail="0" skip="0" id="s1" name="movingKeywordsToResourceFolder">movingKeywordsToResourceFolder</stat>
</suite>
</statistics>
<errors>
</errors>
</robot>
